<?xml version="1.0" encoding="UTF-8"?>
<!-- Generated by org.testng.reporters.JUnitReportReporter -->
<testsuite hostname="Gopimanisri" failures="0" tests="1" name="uistore.MouseActions" time="31.379" errors="0" timestamp="2021-11-25T22:59:57 IST" skipped="0">
  <testcase classname="uistore.MouseActions" name="mouseAction" time="31.379"/>
  <system-out/>
</testsuite> <!-- uistore.MouseActions -->
