<?xml version="1.0" encoding="UTF-8"?>
<!-- Generated by org.testng.reporters.JUnitReportReporter -->
<testsuite hostname="Gopimanisri" failures="0" tests="1" name="uistore.WishList" time="48.830" errors="0" timestamp="2021-11-21T22:54:37 IST" skipped="0">
  <testcase classname="uistore.WishList" name="giftCard" time="48.830"/>
  <system-out/>
</testsuite> <!-- uistore.WishList -->
