<?xml version="1.0" encoding="UTF-8"?>
<!-- Generated by org.testng.reporters.JUnitReportReporter -->
<testsuite hostname="Gopimanisri" failures="0" tests="1" name="uistore.HomePage" time="37.489" errors="0" timestamp="2021-11-21T22:51:08 IST" skipped="0">
  <testcase classname="uistore.HomePage" name="signIn" time="37.489"/>
  <system-out/>
</testsuite> <!-- uistore.HomePage -->
