<?xml version="1.0" encoding="UTF-8"?>
<!-- Generated by org.testng.reporters.JUnitReportReporter -->
<testsuite hostname="Gopimanisri" failures="0" tests="1" name="uistore.CorporateGifts" time="29.106" errors="0" timestamp="2021-11-21T22:32:14 IST" skipped="0">
  <testcase classname="uistore.CorporateGifts" name="corporateGift" time="29.106"/>
  <system-out/>
</testsuite> <!-- uistore.CorporateGifts -->
