<?xml version="1.0" encoding="UTF-8"?>
<!-- Generated by org.testng.reporters.JUnitReportReporter -->
<testsuite hostname="Gopimanisri" failures="0" tests="1" name="uistore.TrackOrderPage" time="20.273" errors="0" timestamp="2021-11-21T22:53:26 IST" skipped="0">
  <testcase classname="uistore.TrackOrderPage" name="Trackorder" time="20.273"/>
  <system-out/>
</testsuite> <!-- uistore.TrackOrderPage -->
