<?xml version="1.0" encoding="UTF-8"?>
<!-- Generated by org.testng.reporters.JUnitReportReporter -->
<testsuite hostname="Gopimanisri" failures="0" tests="1" name="uistore.ReadMore" time="25.485" errors="0" timestamp="2021-11-26T09:21:22 IST" skipped="0">
  <testcase classname="uistore.ReadMore" name="Scrolling" time="25.485"/>
  <system-out/>
</testsuite> <!-- uistore.ReadMore -->
