<?xml version="1.0" encoding="UTF-8"?>
<!-- Generated by org.testng.reporters.JUnitReportReporter -->
<testsuite hostname="Gopimanisri" failures="0" tests="1" name="uistore.MouseActions" time="30.534" errors="0" timestamp="2021-11-21T22:21:35 IST" skipped="0">
  <testcase classname="uistore.MouseActions" name="mouseAction" time="30.534"/>
  <system-out/>
</testsuite> <!-- uistore.MouseActions -->
