<?xml version="1.0" encoding="UTF-8"?>
<!-- Generated by org.testng.reporters.JUnitReportReporter -->
<testsuite hostname="Gopimanisri" failures="0" tests="1" name="uistore.WishList" time="40.913" errors="0" timestamp="2021-11-25T22:59:57 IST" skipped="0">
  <testcase classname="uistore.WishList" name="giftCard" time="40.913"/>
  <system-out/>
</testsuite> <!-- uistore.WishList -->
