<?xml version="1.0" encoding="UTF-8"?>
<!-- Generated by org.testng.reporters.JUnitReportReporter -->
<testsuite hostname="Gopimanisri" failures="0" tests="1" name="uistore.HomeLifeStyle" time="54.356" errors="0" timestamp="2021-11-21T22:56:45 IST" skipped="0">
  <testcase classname="uistore.HomeLifeStyle" name="homeLifeStyle" time="54.356"/>
  <system-out/>
</testsuite> <!-- uistore.HomeLifeStyle -->
