<?xml version="1.0" encoding="UTF-8"?>
<!-- Generated by org.testng.reporters.JUnitReportReporter -->
<testsuite hostname="Gopimanisri" failures="0" tests="1" name="uistore.CartHandling" time="46.993" errors="0" timestamp="2021-11-21T22:25:54 IST" skipped="0">
  <testcase classname="uistore.CartHandling" name="cart" time="46.993"/>
  <system-out/>
</testsuite> <!-- uistore.CartHandling -->
