<?xml version="1.0" encoding="UTF-8"?>
<!-- Generated by org.testng.reporters.JUnitReportReporter -->
<testsuite hostname="Gopimanisri" failures="0" tests="1" name="uistore.PersonilizedGifts" time="25.540" errors="0" timestamp="2021-11-21T22:52:33 IST" skipped="0">
  <testcase classname="uistore.PersonilizedGifts" name="PersonalizedGift" time="25.540"/>
  <system-out/>
</testsuite> <!-- uistore.PersonilizedGifts -->
