<?xml version="1.0" encoding="UTF-8"?>
<!-- Generated by org.testng.reporters.JUnitReportReporter -->
<testsuite hostname="Gopimanisri" failures="0" tests="1" name="uistore.CorporateGifts" time="17.608" errors="0" timestamp="2021-11-25T22:59:57 IST" skipped="0">
  <testcase classname="uistore.CorporateGifts" name="corporateGift" time="17.608"/>
  <system-out/>
</testsuite> <!-- uistore.CorporateGifts -->
