<?xml version="1.0" encoding="UTF-8"?>
<!-- Generated by org.testng.reporters.JUnitReportReporter -->
<testsuite hostname="Gopimanisri" failures="0" tests="1" name="uistore.Gifts" time="31.470" errors="0" timestamp="2021-11-21T22:36:01 IST" skipped="0">
  <testcase classname="uistore.Gifts" name="GiftHover" time="31.470"/>
  <system-out/>
</testsuite> <!-- uistore.Gifts -->
