<?xml version="1.0" encoding="UTF-8"?>
<!-- Generated by org.testng.reporters.JUnitReportReporter -->
<testsuite hostname="Gopimanisri" failures="0" tests="1" name="uistore.ScrollForElement" time="36.547" errors="0" timestamp="2021-11-25T22:59:57 IST" skipped="0">
  <testcase classname="uistore.ScrollForElement" name="Scrolling" time="36.547"/>
  <system-out/>
</testsuite> <!-- uistore.ScrollForElement -->
